\BOOKMARK [0][-]{chapter*.2}{Indice}{}% 1
\BOOKMARK [0][-]{chapter.1}{Introduzione}{}% 2
\BOOKMARK [0][-]{chapter.2}{Il\040calcolo\040AbU}{}% 3
\BOOKMARK [0][-]{chapter.3}{Setting\040sperimentale}{}% 4
\BOOKMARK [1][-]{section.3.1}{Il\040simulatore\040AbUsim}{chapter.3}% 5
\BOOKMARK [1][-]{section.3.2}{Macchina\040dei\040test}{chapter.3}% 6
\BOOKMARK [1][-]{section.3.3}{Problemi\040secondari}{chapter.3}% 7
\BOOKMARK [0][-]{chapter.4}{Generazione\040dei\040test}{}% 8
\BOOKMARK [1][-]{section.4.1}{Il\040generatore\040aeg}{chapter.4}% 9
\BOOKMARK [1][-]{section.4.2}{Terminazione\040forte}{chapter.4}% 10
\BOOKMARK [1][-]{section.4.3}{Scelta\040delle\040configurazioni}{chapter.4}% 11
\BOOKMARK [0][-]{chapter.5}{Raccolta\040dati}{}% 12
\BOOKMARK [1][-]{section.5.1}{Quali\040dati\040raccogliere}{chapter.5}% 13
\BOOKMARK [1][-]{section.5.2}{Ispezione\040dei\040nodi}{chapter.5}% 14
\BOOKMARK [1][-]{section.5.3}{Metriche}{chapter.5}% 15
\BOOKMARK [0][-]{chapter.6}{Risultati}{}% 16
\BOOKMARK [1][-]{section.6.1}{Grafici}{chapter.6}% 17
\BOOKMARK [1][-]{section.6.2}{Conclusioni\040e\040proposte\040di\040miglioramento}{chapter.6}% 18
\BOOKMARK [0][-]{appendix.Alph1}{Altri\040grafici}{}% 19
\BOOKMARK [0][-]{appendix*.22}{Bibliografia}{}% 20
